<?xml version="1.0" encoding="UTF-8"?>
<!-- Generated by org.testng.reporters.JUnitXMLReporter -->
<testsuite ignored="6" hostname="ASUS-LP" failures="0" tests="1" name="Default test" time="7.202" errors="0" timestamp="25 abr 2025 17:48:15 GMT">
  <testcase classname="com.open.source.Admin" name="TC007_Validate_Invalid_Password" time="7.176"/>
  <testcase classname="com.open.source.Admin" name="tc002AdminSearchEmployed" time="0.0">
    <ignored/>
  </testcase> <!-- tc002AdminSearchEmployed -->
  <testcase classname="com.open.source.Admin" name="TC003_Admin_AddNewUser" time="0.0">
    <ignored/>
  </testcase> <!-- TC003_Admin_AddNewUser -->
  <testcase classname="com.open.source.Admin" name="TC005_Admin_CreateUserDisabled" time="0.0">
    <ignored/>
  </testcase> <!-- TC005_Admin_CreateUserDisabled -->
  <testcase classname="com.open.source.Admin" name="TC006_Validate_User_Admin" time="0.0">
    <ignored/>
  </testcase> <!-- TC006_Validate_User_Admin -->
  <testcase classname="com.open.source.Admin" name="TC004_Admin_DeleteUser" time="0.0">
    <ignored/>
  </testcase> <!-- TC004_Admin_DeleteUser -->
  <testcase classname="com.open.source.Admin" name="tc001AdminSearchEmployed" time="0.0">
    <ignored/>
  </testcase> <!-- tc001AdminSearchEmployed -->
</testsuite> <!-- Default test -->
