<?xml version="1.0" encoding="UTF-8"?>
<!-- Generated by org.testng.reporters.JUnitXMLReporter -->
<testsuite ignored="2" hostname="ASUS-LP" failures="0" tests="1" name="Default test" time="37.771" errors="0" timestamp="05 mar 2025 00:07:23 GMT">
  <testcase classname="com.open.source.Admin" name="TC003_Admin_AddNewUser" time="37.657"/>
  <testcase classname="com.open.source.Admin" name="tc002AdminSearchEmployed" time="0.0">
    <ignored/>
  </testcase> <!-- tc002AdminSearchEmployed -->
  <testcase classname="com.open.source.Admin" name="tc001AdminSearchEmployed" time="0.0">
    <ignored/>
  </testcase> <!-- tc001AdminSearchEmployed -->
</testsuite> <!-- Default test -->
