<?xml version="1.0" encoding="UTF-8"?>
<testng-results ignored="6" total="7" passed="1" failed="0" skipped="0">
  <reporter-output>
    <line>
      <![CDATA[Enter Username, Password and click Login]]>
    </line>
  </reporter-output>
  <suite started-at="2025-04-25T17:48:08Z" name="Default suite" finished-at="2025-04-25T17:48:15Z" duration-ms="7202">
    <groups>
    </groups>
    <test started-at="2025-04-25T17:48:08Z" name="Default test" finished-at="2025-04-25T17:48:15Z" duration-ms="7202">
      <class name="com.open.source.Admin">
        <test-method is-config="true" signature="beforeTest()[pri:0, instance:com.open.source.Admin@62010f5c]" started-at="2025-04-25T17:48:08Z" name="beforeTest" finished-at="2025-04-25T17:48:08Z" duration-ms="10" status="PASS">
          <reporter-output>
          </reporter-output>
        </test-method> <!-- beforeTest -->
        <test-method signature="TC007_Validate_Invalid_Password()[pri:0, instance:com.open.source.Admin@62010f5c]" started-at="2025-04-25T17:48:08Z" name="TC007_Validate_Invalid_Password" finished-at="2025-04-25T17:48:15Z" duration-ms="7176" status="PASS">
          <reporter-output>
            <line>
              <![CDATA[Enter Username, Password and click Login]]>
            </line>
          </reporter-output>
        </test-method> <!-- TC007_Validate_Invalid_Password -->
      </class> <!-- com.open.source.Admin -->
    </test> <!-- Default test -->
  </suite> <!-- Default suite -->
</testng-results>
