<?xml version="1.0" encoding="UTF-8"?>
<testng-results ignored="2" total="3" passed="1" failed="0" skipped="0">
  <reporter-output>
    <line>
      <![CDATA[Open Browser "OrangeHRM" web page]]>
    </line>
    <line>
      <![CDATA[Enter Username, Password and click Login]]>
    </line>
    <line>
      <![CDATA[Validate that you have logged in successfully]]>
    </line>
    <line>
      <![CDATA[Click Admin - Go to the admin page]]>
    </line>
    <line>
      <![CDATA[Click to button Add]]>
    </line>
    <line>
      <![CDATA[Enter User Role]]>
    </line>
    <line>
      <![CDATA[Enter valid Employee Name]]>
    </line>
    <line>
      <![CDATA[Enter status]]>
    </line>
    <line>
      <![CDATA[Enter Username]]>
    </line>
    <line>
      <![CDATA[Enter new password]]>
    </line>
    <line>
      <![CDATA[Confirm password]]>
    </line>
    <line>
      <![CDATA[Click Save]]>
    </line>
    <line>
      <![CDATA[Search username in field "Username"]]>
    </line>
    <line>
      <![CDATA[Click Search]]>
    </line>
    <line>
      <![CDATA[Verify username exist in table]]>
    </line>
    <line>
      <![CDATA[Log out]]>
    </line>
  </reporter-output>
  <suite started-at="2025-03-05T00:06:45Z" name="Default suite" finished-at="2025-03-05T00:07:23Z" duration-ms="37771">
    <groups>
    </groups>
    <test started-at="2025-03-05T00:06:45Z" name="Default test" finished-at="2025-03-05T00:07:23Z" duration-ms="37771">
      <class name="com.open.source.Admin">
        <test-method is-config="true" signature="beforeTest()[pri:0, instance:com.open.source.Admin@39ac0c0a]" started-at="2025-03-05T00:06:45Z" name="beforeTest" finished-at="2025-03-05T00:06:45Z" duration-ms="9" status="PASS">
          <reporter-output>
          </reporter-output>
        </test-method> <!-- beforeTest -->
        <test-method signature="TC003_Admin_AddNewUser()[pri:0, instance:com.open.source.Admin@39ac0c0a]" started-at="2025-03-05T00:06:45Z" name="TC003_Admin_AddNewUser" finished-at="2025-03-05T00:07:23Z" duration-ms="37657" status="PASS">
          <reporter-output>
            <line>
              <![CDATA[Open Browser "OrangeHRM" web page]]>
            </line>
            <line>
              <![CDATA[Enter Username, Password and click Login]]>
            </line>
            <line>
              <![CDATA[Validate that you have logged in successfully]]>
            </line>
            <line>
              <![CDATA[Click Admin - Go to the admin page]]>
            </line>
            <line>
              <![CDATA[Click to button Add]]>
            </line>
            <line>
              <![CDATA[Enter User Role]]>
            </line>
            <line>
              <![CDATA[Enter valid Employee Name]]>
            </line>
            <line>
              <![CDATA[Enter status]]>
            </line>
            <line>
              <![CDATA[Enter Username]]>
            </line>
            <line>
              <![CDATA[Enter new password]]>
            </line>
            <line>
              <![CDATA[Confirm password]]>
            </line>
            <line>
              <![CDATA[Click Save]]>
            </line>
            <line>
              <![CDATA[Search username in field "Username"]]>
            </line>
            <line>
              <![CDATA[Click Search]]>
            </line>
            <line>
              <![CDATA[Verify username exist in table]]>
            </line>
            <line>
              <![CDATA[Log out]]>
            </line>
          </reporter-output>
        </test-method> <!-- TC003_Admin_AddNewUser -->
        <test-method is-config="true" signature="afterTest()[pri:0, instance:com.open.source.Admin@39ac0c0a]" started-at="2025-03-05T00:07:23Z" name="afterTest" finished-at="2025-03-05T00:07:23Z" duration-ms="86" status="PASS">
          <reporter-output>
          </reporter-output>
        </test-method> <!-- afterTest -->
      </class> <!-- com.open.source.Admin -->
    </test> <!-- Default test -->
  </suite> <!-- Default suite -->
</testng-results>
